# JRE version: OpenJDK Runtime Environment (11.0.7+10) (build 11.0.7+10-post-Ubuntu-2ubuntu218.04)
# Java VM: OpenJDK 64-Bit Server VM (11.0.7+10-post-Ubuntu-2ubuntu218.04, mixed mode, sharing, tiered, compressed oops, g1 gc, linux-amd64)
Heap:
 garbage-first heap   total 81920K, used 19350K [0x00000000b2c00000, 0x0000000100000000)
  region size 1024K, 4 young (4096K), 3 survivors (3072K)
 Metaspace       used 14247K, capacity 16565K, committed 16896K, reserved 1062912K
  class space    used 2204K, capacity 2699K, committed 2816K, reserved 1048576K
GC Heap History (8 events):
Event: 0.250 GC heap before
{Heap before GC invocations=0 (full 0):
 garbage-first heap   total 81920K, used 6852K [0x00000000b2c00000, 0x0000000100000000)
  region size 1024K, 7 young (7168K), 0 survivors (0K)
 Metaspace       used 2269K, capacity 6047K, committed 6272K, reserved 1056768K
  class space    used 254K, capacity 639K, committed 640K, reserved 1048576K
}
Event: 0.259 GC heap after
{Heap after GC invocations=1 (full 0):
 garbage-first heap   total 81920K, used 2081K [0x00000000b2c00000, 0x0000000100000000)
  region size 1024K, 1 young (1024K), 1 survivors (1024K)
 Metaspace       used 2269K, capacity 6047K, committed 6272K, reserved 1056768K
  class space    used 254K, capacity 639K, committed 640K, reserved 1048576K
}
Event: 0.689 GC heap before
{Heap before GC invocations=1 (full 0):
 garbage-first heap   total 81920K, used 16417K [0x00000000b2c00000, 0x0000000100000000)
  region size 1024K, 15 young (15360K), 1 survivors (1024K)
 Metaspace       used 6653K, capacity 9579K, committed 9856K, reserved 1058816K
  class space    used 912K, capacity 1292K, committed 1408K, reserved 1048576K
}
Event: 0.701 GC heap after
{Heap after GC invocations=2 (full 0):
 garbage-first heap   total 81920K, used 3996K [0x00000000b2c00000, 0x0000000100000000)
  region size 1024K, 2 young (2048K), 2 survivors (2048K)
 Metaspace       used 6653K, capacity 9579K, committed 9856K, reserved 1058816K
  class space    used 912K, capacity 1292K, committed 1408K, reserved 1048576K
}
Event: 0.944 GC heap before
{Heap before GC invocations=2 (full 0):
 garbage-first heap   total 81920K, used 13212K [0x00000000b2c00000, 0x0000000100000000)
  region size 1024K, 11 young (11264K), 2 survivors (2048K)
 Metaspace       used 9112K, capacity 11853K, committed 12032K, reserved 1058816K
  class space    used 1367K, capacity 1737K, committed 1792K, reserved 1048576K
}
Event: 0.952 GC heap after
{Heap after GC invocations=3 (full 0):
 garbage-first heap   total 81920K, used 5844K [0x00000000b2c00000, 0x0000000100000000)
  region size 1024K, 2 young (2048K), 2 survivors (2048K)
 Metaspace       used 9112K, capacity 11853K, committed 12032K, reserved 1058816K
  class space    used 1367K, capacity 1737K, committed 1792K, reserved 1048576K
}
Event: 8.618 GC heap before
{Heap before GC invocations=3 (full 0):
 garbage-first heap   total 81920K, used 34516K [0x00000000b2c00000, 0x0000000100000000)
  region size 1024K, 19 young (19456K), 2 survivors (2048K)
 Metaspace       used 14231K, capacity 16559K, committed 16896K, reserved 1062912K
  class space    used 2202K, capacity 2697K, committed 2816K, reserved 1048576K
}
Event: 8.627 GC heap after
{Heap after GC invocations=4 (full 0):
 garbage-first heap   total 81920K, used 19350K [0x00000000b2c00000, 0x0000000100000000)
  region size 1024K, 3 young (3072K), 3 survivors (3072K)
 Metaspace       used 14231K, capacity 16559K, committed 16896K, reserved 1062912K
  class space    used 2202K, capacity 2697K, committed 2816K, reserved 1048576K
}

